<?xml version="1.0" encoding="UTF-8"?>
<!-- Generated by org.testng.reporters.JUnitReportReporter -->
<testsuite skipped="0" hostname="Harini-PC" name="Winwire.Maddies.A" tests="1" failures="0" timestamp="13 Nov 2018 11:18:57 GMT" time="2.515" errors="0">
  <testcase name="testLoginA" time="2.515" classname="Winwire.Maddies.A"/>
</testsuite> <!-- Winwire.Maddies.A -->
