<?xml version="1.0" encoding="UTF-8"?>
<!-- Generated by org.testng.reporters.JUnitReportReporter -->
<testsuite skipped="0" hostname="Harini-PC" name="Winwire.Maddies.B" tests="1" failures="0" timestamp="13 Nov 2018 11:20:56 GMT" time="0.729" errors="0">
  <testcase name="testLoginB" time="0.729" classname="Winwire.Maddies.B"/>
</testsuite> <!-- Winwire.Maddies.B -->
