<?xml version="1.0" encoding="UTF-8"?>
<!-- Generated by org.testng.reporters.JUnitReportReporter -->
<testsuite skipped="0" hostname="Harini-PC" name="Winwire.Maddies.A" tests="1" failures="0" timestamp="29 Oct 2018 13:25:42 GMT" time="0.540" errors="0">
  <testcase name="testLoginA" time="0.540" classname="Winwire.Maddies.A"/>
</testsuite> <!-- Winwire.Maddies.A -->
