<?xml version="1.0" encoding="UTF-8"?>
<!-- Generated by org.testng.reporters.JUnitReportReporter -->
<testsuite skipped="0" hostname="Harini-PC" name="Winwire.Maddies.TestScripts.LoginPage.MaddiesLoginTest" tests="1" failures="0" timestamp="14 Nov 2018 07:09:55 GMT" time="85.502" errors="0">
  <testcase name="testLoginToApplication" time="85.502" classname="Winwire.Maddies.TestScripts.LoginPage.MaddiesLoginTest"/>
</testsuite> <!-- Winwire.Maddies.TestScripts.LoginPage.MaddiesLoginTest -->
