<?xml version="1.0" encoding="UTF-8"?>
<!-- Generated by org.testng.reporters.JUnitReportReporter -->
<testsuite skipped="0" hostname="Harini-PC" name="Winwire.Maddies.TestScripts.LoginPage.MaddiesLoginTest" tests="1" failures="0" timestamp="13 Nov 2018 12:42:50 GMT" time="91.750" errors="0">
  <testcase name="testLoginToApplication" time="91.750" classname="Winwire.Maddies.TestScripts.LoginPage.MaddiesLoginTest"/>
</testsuite> <!-- Winwire.Maddies.TestScripts.LoginPage.MaddiesLoginTest -->
