<?xml version="1.0" encoding="UTF-8"?>
<!-- Generated by org.testng.reporters.JUnitReportReporter -->
<testsuite skipped="0" hostname="Harini-PC" name="Winwire.Maddies.TestScripts.LoginPage.MaddiesLoginTest" tests="1" failures="0" timestamp="16 Nov 2018 10:08:16 GMT" time="110.713" errors="0">
  <testcase name="testLoginToApplication" time="110.713" classname="Winwire.Maddies.TestScripts.LoginPage.MaddiesLoginTest"/>
</testsuite> <!-- Winwire.Maddies.TestScripts.LoginPage.MaddiesLoginTest -->
